750
0
2
6
8
10
12
15
18
20
26
27
30
31
32
36
37
40
44
46
47
49
51
52
53
54
55
57
58
59
61
64
65
66
67
68
69
71
72
76
79
80
82
84
85
86
88
91
93
94
95
96
97
99
101
102
104
105
108
114
115
116
117
118
119
123
124
126
128
129
130
131
133
134
137
138
143
144
146
147
150
151
152
153
155
156
157
158
160
161
162
163
165
168
169
171
172
173
175
180
182
183
185
188
190
191
195
198
199
200
204
206
207
214
215
218
221
223
224
226
227
231
234
236
237
238
242
243
244
246
248
249
250
252
253
256
257
259
262
263
264
266
269
270
271
273
280
285
288
289
290
291
295
297
304
306
307
310
318
321
322
324
327
330
331
335
336
337
338
339
341
343
344
345
350
353
355
359
363
365
366
368
371
372
373
375
376
382
383
384
385
386
388
390
392
394
395
398
399
401
402
403
405
407
408
409
410
413
414
415
417
418
419
422
424
426
427
428
432
434
437
438
443
444
445
447
449
452
454
455
458
459
461
464
465
466
469
470
471
474
475
476
478
481
482
484
487
490
492
494
495
496
498
501
503
510
511
512
513
517
518
521
522
523
524
525
527
528
529
534
535
537
542
543
544
545
547
548
552
553
558
562
563
564
566
568
571
572
573
577
578
579
580
581
582
583
585
586
587
589
590
595
598
599
600
601
603
607
608
609
612
615
617
618
619
620
622
624
625
628
630
631
632
633
634
635
636
637
643
651
653
657
659
660
661
662
664
665
666
668
670
673
674
675
676
681
683
684
685
686
689
695
696
697
698
699
700
701
703
705
709
710
711
714
715
716
717
720
721
726
731
735
737
740
744
749
750
751
752
753
758
759
760
762
763
765
769
770
773
774
781
782
783
788
789
793
794
795
796
797
798
800
801
805
806
808
810
813
814
816
817
818
824
825
828
832
833
834
835
837
838
840
841
846
847
853
856
857
858
861
862
866
868
871
872
873
876
879
881
882
883
884
885
891
892
894
897
898
901
902
903
904
909
910
911
912
915
916
918
919
920
927
928
929
930
932
934
937
940
941
943
945
946
947
949
952
953
956
957
958
960
961
965
967
968
973
974
977
979
980
981
982
984
985
988
990
991
993
995
996
999
457 107
421 251
125 340
404 430
39 216
442 346
125 279
340 241
462 139
174 320
92 294
302 13
374 296
267 225
351 293
222 326
164 258
17 430
281 448
380 196
300 325
314 258
420 453
209 448
62 380
278 23
278 141
255 217
205 429
433 380
278 56
404 17
362 62
232 351
154 360
194 325
325 311
38 354
111 192
159 323
89 167
7 39
121 136
228 287
222 374
167 346
112 230
38 378
348 56
301 107
239 261
28 349
178 333
316 203
258 178
302 283
217 232
106 275
377 142
286 315
309 87
109 326
309 346
170 258
164 77
213 23
77 255
159 258
87 38
179 323
106 213
292 179
149 194
315 209
63 258
265 325
35 302
63 208
42 319
17 98
274 135
312 166
279 230
251 261
121 29
296 178
216 107
241 245
312 267
148 181
170 217
225 278
25 267
87 34
268 202
4 159
258 154
278 216
107 111
42 63
294 208
166 120
294 70
60 154
225 148
275 100
232 38
139 247
247 275
216 42
11 203
222 241
7 205
50 245
78 278
56 178
233 90
107 254
140 232
213 184
220 145
39 42
210 145
16 63
87 187
219 194
23 109
254 135
106 125
70 83
203 136
81 135
109 112
184 240
235 127
35 60
205 14
106 56
87 222
92 209
42 113
3 208
192 136
43 48
187 39
135 213
50 90
186 89
212 127
141 75
33 208
132 186
22 41
107 174
21 24
141 164
48 25
21 132
174 5
177 42
14 98
3 142
92 33
111 13
73 87
35 48
11 56
1 112
21 177
81 5
174 78
73 167
63 24
62 140
142 42
62 109
121 83
120 136
125 120
11 35
11 38
122 132
62 39
4 24
45 100
135 5
9 39
77 42
11 132
63 34
73 106
122 70
9 50
41 24
74 81
16 60
23 98
103 74
98 75
7 78
1 13
45 16
50 1
62 89
4 25
89 9
5 21
74 42
22 7
70 41
16 48
48 16
7 45
35 14
4 21
25 48
43 9
3 9
29 16
28 24
4 24
16 7
1 35
24 25
28 41
41 1
1 13
7 9
25 11
21 4
23 33
11 1
4 13
14 9
21 11
13 5
4 9
16 14
7 4
7 1
5 780
11 5
4 1
11 5
5 4
3 5
4 3
4 933
3 1
1 309
